<?xml version="1.0" encoding="UTF-8"?>
<testng-results ignored="0" total="1" passed="1" failed="0" skipped="0">
  <reporter-output>
  </reporter-output>
  <suite started-at="2021-03-08T09:25:34 EST" name="Default suite" finished-at="2021-03-08T09:25:39 EST" duration-ms="5401">
    <groups>
    </groups>
    <test started-at="2021-03-08T09:25:34 EST" name="Default test" finished-at="2021-03-08T09:25:39 EST" duration-ms="5401">
      <class name="com.sri.WebDriverMaven.LoginTest">
        <test-method is-config="true" signature="setUp()[pri:0, instance:com.sri.WebDriverMaven.LoginTest@3b07a0d6]" started-at="2021-03-08T09:25:34 EST" name="setUp" finished-at="2021-03-08T09:25:36 EST" duration-ms="2391" status="PASS">
          <reporter-output>
          </reporter-output>
        </test-method> <!-- setUp -->
        <test-method signature="login()[pri:0, instance:com.sri.WebDriverMaven.LoginTest@3b07a0d6]" started-at="2021-03-08T09:25:36 EST" name="login" finished-at="2021-03-08T09:25:38 EST" duration-ms="2164" status="PASS">
          <reporter-output>
          </reporter-output>
        </test-method> <!-- login -->
        <test-method is-config="true" signature="tearDown()[pri:0, instance:com.sri.WebDriverMaven.LoginTest@3b07a0d6]" started-at="2021-03-08T09:25:38 EST" name="tearDown" finished-at="2021-03-08T09:25:39 EST" duration-ms="788" status="PASS">
          <reporter-output>
          </reporter-output>
        </test-method> <!-- tearDown -->
      </class> <!-- com.sri.WebDriverMaven.LoginTest -->
    </test> <!-- Default test -->
  </suite> <!-- Default suite -->
</testng-results>
